<?xml version="1.0" encoding="UTF-8"?>
<!-- Generated by org.testng.reporters.JUnitReportReporter -->
<testsuite skipped="0" hostname="DESKTOP-DPFLVVJ" name="variousConcept.CopyLearnTestNG" tests="1" failures="0" timestamp="17 Aug 2022 02:56:32 GMT" time="10.168" errors="0">
  <testcase name="addcustomer" time="10.168" classname="variousConcept.CopyLearnTestNG"/>
</testsuite> <!-- variousConcept.CopyLearnTestNG -->
